"../../Plugins/FX/Niagara/Content/Enums/ENiagaraSystemInactiveMode.uasset" 0
"../../Plugins/FX/Niagara/Content/Enums/ENiagara_EmitterStateOptions.uasset" 1
"../../Plugins/FX/Niagara/Content/Functions/System/SystemChangeState.uasset" 2
"../../Plugins/FX/Niagara/Content/Modules/System/SystemState.uasset" 3
"../../Plugins/FX/Niagara/Content/Enums/ENiagaraTorusDistributionMode.uasset" 4
"../../Plugins/FX/Niagara/Content/Enums/ENiagaraScaleColorMode.uasset" 5
"../../Plugins/FX/Niagara/Content/Enums/ENiagaraRandomnessMode.uasset" 6
"../../Plugins/FX/Niagara/Content/Enums/ENiagaraMeshTransforms.uasset" 7
"../../Plugins/FX/Niagara/Content/Enums/ENiagaraInactiveMode.uasset" 8
"../../Plugins/FX/Niagara/Content/Enums/ENiagaraExpansionMode.uasset" 9
"../../Plugins/FX/Niagara/Content/Enums/ENiagaraEmitterScalabilityMode_Limited.uasset" 10
"../../Plugins/FX/Niagara/Content/Enums/ENiagaraEmitterLifeCycleMode.uasset" 11
"../../Plugins/FX/Niagara/Content/Enums/ENiagaraCurlNoiseQuality.uasset" 12
"../../Plugins/FX/Niagara/Content/Enums/ENiagaraCoordinateSpace.uasset" 13
"../../Plugins/FX/Niagara/Content/Enums/ENiagara_InfiniteLoopDuration.uasset" 14
"../../Plugins/FX/Niagara/Content/Modules/Update/Size/ScaleSpriteSize.uasset" 15
"../../Plugins/FX/Niagara/Content/Modules/Update/Size/ScaleMeshSize.uasset" 16
"../../Plugins/FX/Niagara/Content/Modules/Update/Lifetime/ParticleState.uasset" 17
"../../Plugins/FX/Niagara/Content/Modules/Update/Forces/Drag.uasset" 18
"../../Plugins/FX/Niagara/Content/VectorFields/Assets/TilingCurl32.uasset" 19
"../../Plugins/FX/Niagara/Content/Functions/Localspace/SimulationPosition.uasset" 20
"../../Plugins/FX/Niagara/Content/VectorFields/Assets/TilingCurl64.uasset" 21
"../../Plugins/FX/Niagara/Content/VectorFields/Assets/TilingCurl16.uasset" 22
"../../Plugins/FX/Niagara/Content/Functions/FindAngleBetweenVectors.uasset" 23
"../../Plugins/FX/Niagara/Content/Functions/V2/RemapRange.uasset" 24
"../../Plugins/FX/Niagara/Content/Functions/DirectionAndLengthSafe.uasset" 25
"../../Plugins/FX/Niagara/Content/Functions/V2/ConeMask.uasset" 26
"../../Plugins/FX/Niagara/Content/Functions/Masks/ConeMask.uasset" 27
"../../Plugins/FX/Niagara/Content/Modules/Update/Forces/CurlNoiseForce.uasset" 28
"../../Plugins/FX/Niagara/Content/Modules/Update/Color/ScaleColor.uasset" 29
"../../../Engine/Content/Functions/Engine_MaterialFunctions02/ExampleContent/Textures/LowResBlurredNoise.uasset" 30
"../../../Engine/Content/MaterialTemplates/LayerBlends/T_DefaultMaskTexture.uasset" 31
"../../../Engine/Content/EngineMaterials/BlendFunc_DefBlend.uasset" 32
"../../../Engine/Content/EngineMaterials/BlendFunc_DefBase.uasset" 33
"../../../../../2GameDev/Projects/WheelOn/Content/LearningKit_Games/Assets/_Shared/Textures/T_Default_N.uasset" 34
"../../../../../2GameDev/Projects/WheelOn/Content/LearningKit_Games/Assets/_Shared/Textures/T_Default_BC.uasset" 35
"../../../../../2GameDev/Projects/WheelOn/Content/LearningKit_Games/Assets/_Shared/Textures/T_Default_ARM.uasset" 36
"../../../Engine/Content/Functions/Engine_MaterialFunctions01/Gradient/LinearGradient.uasset" 37
"../../../Engine/Content/Functions/Engine_MaterialFunctions03/Blends/Blend_Overlay.uasset" 38
"../../../Engine/Content/Functions/Engine_MaterialFunctions01/ImageAdjustment/CheapContrast.uasset" 39
"../../../Engine/Content/EngineMaterials/DefaultDiffuse.uasset" 40
"../../../Engine/Content/Functions/Engine_MaterialFunctions01/Texturing/WorldAlignedTexture.uasset" 41
"../../../Engine/Content/MapTemplates/TilingNoise05.uasset" 42
"../../../Engine/Content/EngineMaterials/DefaultNormal.uasset" 43
"../../../../../2GameDev/Projects/WheelOn/Content/LearningKit_Games/Assets/_Shared/Functions/MF_MasterMaterialFunction.uasset" 44
"../../../../../2GameDev/Projects/WheelOn/Content/LearningKit_Games/Assets/_Shared/Materials/M_LearningKit_MasterMaterial.uasset" 45
"../../../../../2GameDev/Projects/WheelOn/Content/LearningKit_Games/Assets/_Shared/Materials/MI_Opaque_BaseInstance.uasset" 46
"../../../../../2GameDev/Projects/WheelOn/Content/LearningKit_Games/Assets/Environment/Clouds/Texture/T_Cloud_ARM.uasset" 47
"../../../../../2GameDev/Projects/WheelOn/Content/LearningKit_Games/Assets/Environment/Clouds/Texture/T_Cloud_BC.uasset" 48
"../../../../../2GameDev/Projects/WheelOn/Content/LearningKit_Games/Assets/Environment/Clouds/Texture/T_Cloud_E.uasset" 49
"../../../../../2GameDev/Projects/WheelOn/Content/LearningKit_Games/Assets/Environment/Clouds/Texture/T_Cloud_RGB.uasset" 50
"../../../../../2GameDev/Projects/WheelOn/Content/LearningKit_Games/Assets/Environment/Clouds/Material/MI_Cloud_01.uasset" 51
"../../../../../2GameDev/Projects/WheelOn/Content/LearningKit_Games/Assets/Environment/Clouds/SM_Cloud_A.uasset" 52
"../../../../../2GameDev/Projects/WheelOn/Content/LearningKit_Games/Assets/Environment/Clouds/SM_Cloud_C.uasset" 53
"../../Plugins/FX/Niagara/Content/Functions/Localspace/TransformBase.uasset" 54
"../../Plugins/FX/Niagara/Content/Functions/Localspace/TransformVector.uasset" 55
"../../Plugins/FX/Niagara/Content/Modules/Spawn/Velocity/AddVelocity.uasset" 56
"../../../../../2GameDev/Projects/WheelOn/Content/LearningKit_Games/Assets/Environment/Clouds/SM_Cloud_D.uasset" 57
"../../Plugins/FX/Niagara/Content/DynamicInputs/Multiply/Multiply_Float.uasset" 58
"../../Plugins/FX/Niagara/Content/DynamicInputs/Angles/NormalizedAngleToDegrees.uasset" 59
"../../Plugins/FX/Niagara/Content/DynamicInputs/TypeConversions/Vector2DFromFloat.uasset" 60
"../../Plugins/FX/Niagara/Content/DynamicInputs/TypeConversions/VectorFromFloat.uasset" 61
"../../Plugins/FX/Niagara/Content/DynamicInputs/Multiply/Multiply_VectorByFloat.uasset" 62
"../../Plugins/FX/Niagara/Content/Functions/GetRandomInfo.uasset" 63
"../../Plugins/FX/Niagara/Content/Functions/RandomRangeFloat.uasset" 64
"../../Plugins/FX/Niagara/Content/DynamicInputs/UniformRange/UniformRangedVector.uasset" 65
"../../Plugins/FX/Niagara/Content/DynamicInputs/ValueFromCurve/FloatFromCurve.uasset" 66
"../../Plugins/FX/Niagara/Content/Enums/ENiagaraRandomnessEvaluation.uasset" 67
"../../Plugins/FX/Niagara/Content/Functions/V2/CalculateRandomRangeFloat.uasset" 68
"../../Plugins/FX/Niagara/Content/Modules/Emitter/SpawnBurst_Instantaneous.uasset" 69
"../../Plugins/FX/Niagara/Content/Modules/Emitter/SpawnRate.uasset" 70
"../../Plugins/FX/Niagara/Content/DynamicInputs/UniformRange/UniformRangedFloat.uasset" 71
"../../Plugins/FX/Niagara/Content/Modules/Solvers/SolveForcesAndVelocity.uasset" 72
"../../Plugins/FX/Niagara/Content/Functions/RandomPointInBox.uasset" 73
"../../Plugins/FX/Niagara/Content/Functions/IsolateLongestVectorComponent.uasset" 74
"../../Plugins/FX/Niagara/Content/Functions/Rotation/RotateAngleOnAxis.uasset" 75
"../../Plugins/FX/Niagara/Content/Modules/Spawn/Location/BoxLocation.uasset" 76
"../../Plugins/FX/Niagara/Content/Functions/RandomPointInSphere.uasset" 77
"../../Plugins/FX/Niagara/Content/Modules/Spawn/Location/SphereLocation.uasset" 78
"../../Plugins/FX/Niagara/Content/Functions/Emitter/EmitterChangeState.uasset" 79
"../../Plugins/FX/Niagara/Content/Enums/ENiagaraExecutionStateManagement.uasset" 80
"../../Plugins/FX/Niagara/Content/Modules/Emitter/EmitterState.uasset" 81
"../../Plugins/FX/Niagara/Content/Functions/Rotation/MultiplyQuaternion.uasset" 82
"../../Plugins/FX/Niagara/Content/Functions/Rotation/AxisAngleToQuaternion.uasset" 83
"../../Plugins/FX/Niagara/Content/Modules/Solvers/ApplyRotationVector.uasset" 84
"../../Plugins/FX/Niagara/Content/Functions/Rotation/FindQuatBetween.uasset" 85
"../../Plugins/FX/Niagara/Content/Modules/Spawn/Orientation/V3/InitialMeshOrientation.uasset" 86
"../../Plugins/FX/Niagara/Content/Modules/Spawn/Orientation/V2/InitialMeshOrientation.uasset" 87
"../../Plugins/FX/Niagara/Content/Modules/Spawn/Initialization/InitializeParticle.uasset" 88
"../../../../../2GameDev/Projects/WheelOn/Content/LearningKit_Games/Assets/VFX/Clouds/NE_Clouds.uasset" 89
"../../../../../2GameDev/Projects/WheelOn/Content/LearningKit_Games/Assets/VFX/Clouds/VFX_MeshClouds_Base1.uasset" 90
"../../../../../2GameDev/Projects/WheelOn/Content/MusicByDEgITx/MP_LVL0.uasset" 91
"../../../../../2GameDev/Projects/WheelOn/Content/WheelOn/MatLib/TextureLib/T_Platform_E.uasset" 92
"../../../Engine/Content/Functions/Engine_MaterialFunctions02/Utility/MakeFloat2.uasset" 93
"../../../Engine/Content/Functions/Engine_MaterialFunctions02/Utility/BreakOutFloat2Components.uasset" 94
"../../../../../2GameDev/Projects/WheelOn/Content/WheelOn/MatLib/MainMasters/M_SimpleMaster.uasset" 95
"../../../../../2GameDev/Projects/WheelOn/Content/WheelOn/MatLib/ActorSpecific/Curb/MI_CurbAsphalt.uasset" 96
"../../../../../2GameDev/Projects/WheelOn/Content/WheelOn/MatLib/ActorSpecific/Curb/MI_CurbWhiteStrip.uasset" 97
"../../../../../2GameDev/Projects/WheelOn/Content/WheelOn/MatLib/ActorSpecific/Curb/MI_CurbRedStrip.uasset" 98
"../../../../../2GameDev/Projects/WheelOn/Content/WheelOn/MatLib/ActorSpecific/Curb/MI_CurbGravel.uasset" 99
"../../../../../2GameDev/Projects/WheelOn/Content/WheelOn/Architecture/Props/S_RaceTrackCurb.uasset" 100
"../../../../../2GameDev/Projects/WheelOn/Content/WheelOn/MatLib/ActorSpecific/Grandstands/MI_GrandStandSeats.uasset" 101
"../../../../../2GameDev/Projects/WheelOn/Content/WheelOn/MatLib/ActorSpecific/Grandstands/MI_GrandStandPoles.uasset" 102
"../../../../../2GameDev/Projects/WheelOn/Content/WheelOn/MatLib/ActorSpecific/Grandstands/MIGrandStandPoles.uasset" 103
"../../../../../2GameDev/Projects/WheelOn/Content/WheelOn/Architecture/Props/S_RaceTrackGrandstands.uasset" 104
"../../../../../2GameDev/Projects/WheelOn/Content/WheelOn/MatLib/ActorSpecific/Fences/MI_SimpleFence.uasset" 105
"../../../../../2GameDev/Projects/WheelOn/Content/WheelOn/Architecture/Props/Fences/S_Fence.uasset" 106
"../../../../../2GameDev/Projects/WheelOn/Content/WheelOn/MatLib/ActorSpecific/Platforms/Level2/MI_PlatformNeutral_2.uasset" 107
"../../../../../2GameDev/Projects/WheelOn/Content/WheelOn/MatLib/ActorSpecific/Platforms/Level1/MI_BlueishPlatform_1.uasset" 108
"../../../../../2GameDev/Projects/WheelOn/Content/WheelOn/MatLib/ActorSpecific/Platforms/Level1/MI_PlatformNeutral_1.uasset" 109
"../../../../../2GameDev/Projects/WheelOn/Content/WheelOn/MatLib/ActorSpecific/Platforms/Level1/MI_PlatformRed_1.uasset" 110
"../../../../../2GameDev/Projects/WheelOn/Content/WheelOn/MatLib/ActorSpecific/Platforms/Level3/MI_BlueishPlatform_3.uasset" 111
"../../../../../2GameDev/Projects/WheelOn/Content/WheelOn/MatLib/ActorSpecific/Platforms/Level3/MI_PlatformNeutral_3.uasset" 112
"../../../../../2GameDev/Projects/WheelOn/Content/WheelOn/MatLib/ActorSpecific/Platforms/Level3/MI_PlatformRed_3.uasset" 113
"../../../../../2GameDev/Projects/WheelOn/Content/WheelOn/MatLib/ActorSpecific/Platforms/Level4/MI_BlueishPlatform_4.uasset" 114
"../../../../../2GameDev/Projects/WheelOn/Content/WheelOn/MatLib/ActorSpecific/Platforms/Level4/MI_PlatformNeutral_4.uasset" 115
"../../../../../2GameDev/Projects/WheelOn/Content/WheelOn/MatLib/ActorSpecific/Platforms/Level4/MI_PlatformRed_4.uasset" 116
"../../../../../2GameDev/Projects/WheelOn/Content/WheelOn/MatLib/ActorSpecific/Platforms/Level5/MI_BlueishPlatform_5.uasset" 117
"../../../../../2GameDev/Projects/WheelOn/Content/WheelOn/MatLib/ActorSpecific/Platforms/Level5/MI_PlatformNeutral_5.uasset" 118
"../../../../../2GameDev/Projects/WheelOn/Content/WheelOn/MatLib/ActorSpecific/Platforms/Level5/MI_PlatformRed_5.uasset" 119
"../../../Engine/Content/Functions/Engine_MaterialFunctions01/Density/ExponentialDensity.uasset" 120
"../../../Engine/Content/Functions/Engine_MaterialFunctions01/Gradient/RadialGradientExponential.uasset" 121
"../../../Engine/Content/Functions/Engine_MaterialFunctions02/ScreenResolution.uasset" 122
"../../../Engine/Content/Functions/Engine_MaterialFunctions01/Texturing/ScaleUVsByCenter.uasset" 123
"../../../Engine/Content/Functions/Engine_MaterialFunctions02/Texturing/ScreenAlignedUVs.uasset" 124
"../../../../../2GameDev/Projects/WheelOn/Content/WheelOn/MatLib/MainMasters/PP_RadialBlur.uasset" 125
"../../../../../2GameDev/Projects/WheelOn/Content/WheelOn/MatLib/TextureLib/T_Fire_FlipBook.uasset" 126
"../../../Engine/Content/EngineMaterials/T_Default_Material_Grid_N.uasset" 127
"../../../Engine/Content/EngineMaterials/T_Default_Material_Grid_M.uasset" 128
"../../../Engine/Content/Functions/Engine_MaterialFunctions01/Opacity/CameraDepthFade.uasset" 129
"../../../Engine/Content/EngineMaterials/WorldGridMaterial.uasset" 130
"../../../Engine/Content/ArtTools/RenderToTexture/Meshes/S_1_Unit_Plane.uasset" 131
"../../../Engine/Content/EngineMaterials/DefaultMaterial.uasset" 132
"../../../Engine/Content/BasicShapes/Cone.uasset" 133
"../../../Engine/Content/BasicShapes/Cube.uasset" 134
"../../../Engine/Content/BasicShapes/Plane.uasset" 135
"../../../Engine/Content/BasicShapes/Sphere.uasset" 136
"../../../Engine/Content/EditorLandscapeResources/DataLayer.uasset" 137
"../../../Engine/Content/EditorLandscapeResources/DefaultAlphaTexture.uasset" 138
"../../../Engine/Content/EditorMaterials/MAT_Groups_Toggle.uasset" 139
"../../../Engine/Content/EditorMaterials/MAT_Groups_Visibility.uasset" 140
"../../../Engine/Content/EditorMaterials/PreviewShadowIndicator.uasset" 141
"../../../Engine/Content/EditorMaterials/PreviewShadowIndicatorMaterial.uasset" 142
"../../../Engine/Content/EditorMaterials/MatineeGroups/MAT_ColorTrack.uasset" 143
"../../../Engine/Content/EditorMaterials/MatineeGroups/MAT_Groups_Anim.uasset" 144
"../../../Engine/Content/EditorMaterials/MatineeGroups/MAT_Groups_AudioMaster.uasset" 145
"../../../Engine/Content/EditorMaterials/MatineeGroups/MAT_Groups_Director.uasset" 146
"../../../Engine/Content/EditorMaterials/MatineeGroups/MAT_Groups_Event.uasset" 147
"../../../Engine/Content/EditorMaterials/MatineeGroups/MAT_Groups_Fade.uasset" 148
"../../../Engine/Content/EditorMaterials/MatineeGroups/MAT_Groups_Float.uasset" 149
"../../../Engine/Content/EditorMaterials/MatineeGroups/MAT_Groups_Move.uasset" 150
"../../../Engine/Content/EditorMaterials/MatineeGroups/MAT_Groups_Slomo.uasset" 151
"../../../Engine/Content/EditorMaterials/MatineeGroups/MAT_Groups_Sound.uasset" 152
"../../../Engine/Content/EditorMaterials/MatineeGroups/MAT_Groups_Vector.uasset" 153
"../../../Engine/Content/EditorMaterials/ParticleSystems/PSysThumbnail_NoImage.uasset" 154
"../../../Engine/Content/EditorMaterials/ParticleSystems/PSysThumbnail_OOD.uasset" 155
"../../../Engine/Content/EditorMaterials/Camera/CineMat.uasset" 156
"../../../Engine/Content/EditorMaterials/Camera/MI_CineMat_Rig.uasset" 157
"../../../Engine/Content/EditorMeshes/Camera/SM_CraneRig_Arm.uasset" 158
"../../../Engine/Content/EditorMeshes/Camera/SM_CraneRig_Base.uasset" 159
"../../../Engine/Content/EditorMeshes/Camera/SM_CraneRig_Body.uasset" 160
"../../../Engine/Content/EditorMeshes/Camera/SM_CraneRig_Mount.uasset" 161
"../../../Engine/Content/EditorMeshes/Camera/SM_RailRig_Mount.uasset" 162
"../../../Engine/Content/EditorMeshes/Camera/SM_RailRig_Track.uasset" 163
"../../../Engine/Content/EditorResources/BSPVertex.uasset" 164
"../../../Engine/Content/EditorResources/EmptyActor.uasset" 165
"../../../Engine/Content/EditorResources/S_Actor.uasset" 166
"../../../Engine/Content/EditorResources/S_Note.uasset" 167
"../../../Engine/Content/EditorResources/S_Solver.uasset" 168
"../../../Engine/Content/EditorResources/S_Terrain.uasset" 169
"../../../Engine/Content/EditorResources/S_Trigger.uasset" 170
"../../../Engine/Content/EditorResources/SequenceRecorder/Countdown.uasset" 171
"../../../Engine/Content/EditorResources/SequenceRecorder/RecordingIndicator.uasset" 172
"../../../Engine/Content/EngineDamageTypes/DmgTypeBP_Environmental.uasset" 173
"../../../Engine/Content/EngineDebugMaterials/DebugEditorMaterial.uasset" 174
"../../../Engine/Content/EngineDebugMaterials/DebugMeshMaterial.uasset" 175
"../../../Engine/Content/EngineDebugMaterials/M_SimpleUnlitTranslucent.uasset" 176
"../../../Engine/Content/EngineDebugMaterials/VolumeToRender.uasset" 177
"../../../Engine/Content/Functions/Engine_MaterialFunctions02/Utility/CameraDirectionVector.uasset" 178
"../../../Engine/Content/EngineDebugMaterials/M_VolumeRenderSphereTracePP.uasset" 179
"../../../Engine/Content/Functions/Engine_MaterialFunctions01/Shading/ConvertFromDiffSpec.uasset" 180
"../../../Engine/Content/EngineDebugMaterials/VertexColorMaterial.uasset" 181
"../../../Engine/Content/EngineDebugMaterials/WireframeMaterial.uasset" 182
"../../../Engine/Content/EngineFonts/Faces/RobotoRegular.uasset" 183
"../../../Engine/Content/EngineFonts/Faces/RobotoLight.uasset" 184
"../../../Engine/Content/EngineFonts/Faces/RobotoItalic.uasset" 185
"../../../Engine/Content/EngineFonts/Faces/RobotoBoldItalic.uasset" 186
"../../../Engine/Content/EngineFonts/Faces/RobotoBold.uasset" 187
"../../../Engine/Content/EngineFonts/Faces/DroidSansFallback.uasset" 188
"../../../Engine/Content/EngineFonts/Roboto.uasset" 189
"../../../Engine/Content/EngineMaterials/BaseFlattenNormalMap.uasset" 190
"../../../Engine/Content/EngineMaterials/BaseFlattenGrayscaleMap.uasset" 191
"../../../Engine/Content/EngineMaterials/BaseFlattenEmissiveMap.uasset" 192
"../../../Engine/Content/EngineMaterials/BaseFlattenDiffuseMap.uasset" 193
"../../../Engine/Content/EngineMaterials/BaseFlattenMaterial.uasset" 194
"../../../Engine/Content/EngineMaterials/BlueNoise.uasset" 195
"../../../Engine/Content/EngineMaterials/DefaultBloomKernel.uasset" 196
"../../../Engine/Content/EngineMaterials/DefaultBokeh.uasset" 197
"../../../Engine/Content/EngineMaterials/DefaultDeferredDecalMaterial.uasset" 198
"../../../Engine/Content/EngineMaterials/DefaultLightFunctionMaterial.uasset" 199
"../../../Engine/Content/EngineMaterials/DefaultPhysicalMaterial.uasset" 200
"../../../Engine/Content/EngineMaterials/DefaultPostProcessMaterial.uasset" 201
"../../../Engine/Content/EngineFonts/RobotoDistanceField.uasset" 202
"../../../Engine/Content/EngineMaterials/DefaultTextMaterialOpaque.uasset" 203
"../../../Engine/Content/EngineMaterials/DefaultWhiteGrid.uasset" 204
"../../../Engine/Content/EngineMaterials/DefaultWhiteGrid_Low.uasset" 205
"../../../Engine/Content/EngineMaterials/EmissiveMeshMaterial.uasset" 206
"../../../Engine/Content/EngineMaterials/GizmoMaterial.uasset" 207
"../../../Engine/Content/EngineMaterials/Good64x64TilingNoiseHighFreq.uasset" 208
"../../../Engine/Content/EngineMaterials/MiniFont.uasset" 209
"../../../Engine/Content/EngineMaterials/InvalidLightmapSettings.uasset" 210
"../../../Engine/Content/EngineMaterials/M_InvalidLightmapSettings.uasset" 211
"../../../Engine/Content/Functions/Engine_MaterialFunctions02/WorldPositionOffset/CameraOffset.uasset" 212
"../../../Engine/Content/EngineMaterials/PhAT_JointLimitMaterial.uasset" 213
"../../../Engine/Content/EngineMaterials/PreintegratedSkinBRDF.uasset" 214
"../../../Engine/Content/EngineMaterials/RemoveSurfaceMaterial.uasset" 215
"../../../Engine/Content/EngineMaterials/WeightMapPlaceholderTexture.uasset" 216
"../../../Engine/Content/EngineResources/WhiteSquareTexture.uasset" 217
"../../../Engine/Content/EngineMaterials/Widget3DPassThrough.uasset" 218
"../../../Engine/Content/EngineMaterials/Widget3DPassThrough_Masked.uasset" 219
"../../../Engine/Content/EngineMaterials/Widget3DPassThrough_Opaque.uasset" 220
"../../../Engine/Content/EngineMaterials/Widget3DPassThrough_Masked_OneSided.uasset" 221
"../../../Engine/Content/EngineMaterials/Widget3DPassThrough_Opaque_OneSided.uasset" 222
"../../../Engine/Content/EngineMaterials/Widget3DPassThrough_Translucent.uasset" 223
"../../../Engine/Content/EngineMaterials/Widget3DPassThrough_Translucent_OneSided.uasset" 224
"../../../Engine/Content/EngineMeshes/Cube.uasset" 225
"../../../Engine/Content/EngineMeshes/Cylinder.uasset" 226
"../../../Engine/Content/EngineMeshes/Sphere.uasset" 227
"../../../Engine/Content/EngineResources/Black.uasset" 228
"../../../Engine/Content/EngineResources/DefaultTextureCube.uasset" 229
"../../../Engine/Content/EngineResources/DefaultVolumeTexture2D.uasset" 230
"../../../Engine/Content/EngineResources/DefaultVolumeTexture.uasset" 231
"../../../Engine/Content/EngineResources/GradientTexture0.uasset" 232
"../../../Engine/Content/EngineSky/VolumetricClouds/T_NoiseShape64.uasset" 233
"../../../Engine/Content/EngineSky/VolumetricClouds/T_VolumeNoiseShape64.uasset" 234
"../../../Engine/Content/EngineSky/VolumetricClouds/T_NoiseErosion.uasset" 235
"../../../Engine/Content/EngineSky/VolumetricClouds/T_VolumeNoiseErosion32.uasset" 236
"../../../Engine/Content/EngineSky/VolumetricClouds/CloudWeatherTexture.uasset" 237
"../../../Engine/Content/EngineSky/VolumetricClouds/CloudGradientTexture.uasset" 238
"../../../Engine/Content/EngineSky/VolumetricClouds/m_SimpleVolumetricCloud.uasset" 239
"../../../Engine/Content/EngineSky/VolumetricClouds/m_SimpleVolumetricCloud_Inst.uasset" 240
"../../../Engine/Content/EngineSounds/Master.uasset" 241
"../../../Engine/Content/Functions/Engine_MaterialFunctions01/Shading/PowerToRoughness.uasset" 242
"../../../Engine/Content/Maps/Templates/Thumbnails/Default.uasset" 243
"../../../Engine/Content/Maps/Templates/Thumbnails/TimeOfDay.uasset" 244
"../../../Engine/Content/Maps/Templates/Thumbnails/VR-Basic.uasset" 245
"../../../Engine/Content/MobileResources/T_MobileControls_texture.uasset" 246
"../../../Engine/Content/MobileResources/T_MobileMenu2.uasset" 247
"../../../Engine/Content/MobileResources/HUD/AnalogHat.uasset" 248
"../../../Engine/Content/MobileResources/HUD/VirtualJoystick_Thumb.uasset" 249
"../../../Engine/Content/MobileResources/HUD/VirtualJoystick_Background.uasset" 250
"../../../Engine/Content/MobileResources/HUD/DefaultVirtualJoysticks.uasset" 251
"../../../Engine/Content/MobileResources/HUD/LeftVirtualJoystickOnly.uasset" 252
"../../../Engine/Content/MobileResources/HUD/MobileHUDButton1_off.uasset" 253
"../../../Engine/Content/MobileResources/HUD/MobileHUDButton1_on.uasset" 254
"../../../Engine/Content/MobileResources/HUD/MobileHUDButton2_off.uasset" 255
"../../../Engine/Content/MobileResources/HUD/MobileHUDButton2_on.uasset" 256
"../../../Engine/Content/MobileResources/HUD/MobileHUDButton3.uasset" 257
"../../../Engine/Content/MobileResources/HUD/MobileHUDButtonFire.uasset" 258
"../../../Engine/Content/MobileResources/HUD/MobileHUDDirectionPad.uasset" 259
"../../../Engine/Content/MobileResources/HUD/MobileHUDDirectionPad2.uasset" 260
"../../../Engine/Content/MobileResources/HUD/MobileHUDDirectionPad3.uasset" 261
"../../../Engine/Content/MobileResources/HUD/MobileHUDDirectionStick.uasset" 262
"../../../Engine/Content/MobileResources/HUD/T_Castle_ThumbstickInner.uasset" 263
"../../../Engine/Content/MobileResources/HUD/T_Castle_ThumbstickOutter.uasset" 264
"../../../Engine/Content/Tutorial/ContentIntroCurve.uasset" 265
"../../../Engine/Content/Tutorial/Basics/ContentBrowserOverview.uasset" 266
"../../../Engine/Content/Tutorial/Basics/FeaturePacks.uasset" 267
"../../../Engine/Content/Tutorial/Basics/LevelEditorAttract.uasset" 268
"../../../Engine/Content/Tutorial/Basics/TutorialAssets/icon_tab_Levels_40x.uasset" 269
"../../../Engine/Content/Tutorial/Basics/LevelEditorOverview.uasset" 270
"../../../Engine/Content/Tutorial/Basics/TutorialAssets/CameraActor_64x.uasset" 271
"../../../Engine/Content/Tutorial/Basics/ViewportsTutorial.uasset" 272
"../../../Engine/Content/Tutorial/BlueprintTutorials/TutorialAssets/Blueprint_64x.uasset" 273
"../../../Engine/Content/Tutorial/BlueprintTutorials/BlueprintEditorTutorial.uasset" 274
"../../../Engine/Content/Tutorial/BlueprintTutorials/LevelBlueprintEditorOverview.uasset" 275
"../../../Engine/Content/Tutorial/Code/AddingCode.uasset" 276
"../../../Engine/Content/Tutorial/Foliage/TutorialAssets/Foliage.uasset" 277
"../../../Engine/Content/Tutorial/Foliage/Foliage_Intro_Tutorial.uasset" 278
"../../../Engine/Content/Tutorial/Foliage/Foliage_Settings_Tutorial.uasset" 279
"../../../Engine/Content/Tutorial/Foliage/Foliage_Using_The_Tool_Tutorial.uasset" 280
"../../../Engine/Content/Tutorial/Installation/InstallingVisualStudioTutorial.uasset" 281
"../../../Engine/Content/Tutorial/InWorldBlueprintEditing/IWBE_Tutorial.uasset" 282
"../../../Engine/Content/Tutorial/InWorldBlueprintEditing/IWBE_Tutorial_Part2.uasset" 283
"../../../Engine/Content/Tutorial/InWorldBlueprintEditing/IWBE_Tutorial_Part3.uasset" 284
"../../../Engine/Content/Tutorial/Landscape/TutorialAssets/Landscape.uasset" 285
"../../../Engine/Content/Tutorial/Landscape/LandscapeWalkThrough.uasset" 286
"../../../Engine/Content/Tutorial/Landscape/Landscape_Manage_Mode.uasset" 287
"../../../Engine/Content/EditorBlueprintResources/StandardMacros.uasset" 288
"../../../Engine/Content/Tutorial/Landscape/Landscape_Painting_Mode.uasset" 289
"../../../Engine/Content/Tutorial/Landscape/Landscape_Sculpt_Mode.uasset" 290
"../../../Engine/Content/Tutorial/SubEditors/MaterialEditorTutorial.uasset" 291
"../../../Engine/Content/Tutorial/SubEditors/StaticMeshEditorTutorial.uasset" 292
"../../../Engine/Content/Tutorial/SubEditors/TutorialAssets/TutorialMaterial.uasset" 293
"../../../Engine/Content/VREditor/TransformGizmo/TranslucentTransformGizmoMaterial.uasset" 294
"../../../Engine/Content/VREditor/LaserPointer/VR_LaserPower_01.uasset" 295
"../../../Engine/Content/VREditor/TransformGizmo/TransformGizmoMaterial.uasset" 296
"../../../Engine/Content/VREditor/TransformGizmo/BoundingBoxCorner.uasset" 297
"../../../Engine/Content/VREditor/TransformGizmo/BoundingBoxEdge.uasset" 298
"../../../Engine/Content/VREditor/TransformGizmo/PlaneTranslationHandle.uasset" 299
"../../../Engine/Content/VREditor/TransformGizmo/Xray.uasset" 300
"../../../Engine/Content/VREditor/TransformGizmo/Main.uasset" 301
"../../../Engine/Content/VREditor/TransformGizmo/SM_Sequencer_Key.uasset" 302
"../../../Engine/Content/VREditor/TransformGizmo/SM_Sequencer_Node.uasset" 303
"../../Plugins/2D/Paper2D/Content/PlaceholderTextures/DummySpriteTexture.uasset" 304
"../../Plugins/2D/Paper2D/Content/DummySprite.uasset" 305
"../../Plugins/2D/Paper2D/Content/DefaultPaperTerrainMaterial.uasset" 306
"../../Plugins/2D/Paper2D/Content/DefaultSpriteMaterial.uasset" 307
"../../Plugins/2D/Paper2D/Content/MaskedUnlitSpriteMaterial.uasset" 308
"../../Plugins/2D/Paper2D/Content/OpaqueUnlitSpriteMaterial.uasset" 309
"../../../Engine/Content/Functions/Engine_MaterialFunctions02/Utility/BreakOutFloat3Components.uasset" 310
"../../Plugins/Editor/SpeedTreeImporter/Content/SpeedTree9/UnpackInteger3.uasset" 311
"../../Plugins/Editor/SpeedTreeImporter/Content/SpeedTree9/UnpackDirection.uasset" 312
"../../Plugins/Editor/SpeedTreeImporter/Content/SpeedTree9/game_wind_noise.uasset" 313
"../../../Engine/Content/Functions/Engine_MaterialFunctions02/SafeNormalize.uasset" 314
"../../Plugins/Editor/SpeedTreeImporter/Content/SpeedTree9/SpeedTreeWindMotion.uasset" 315
"../../Plugins/Editor/SpeedTreeImporter/Content/SpeedTree9/SpeedTreeBranchMotion.uasset" 316
"../../../Engine/Content/Functions/Engine_MaterialFunctions02/ObjectLocalBounds.uasset" 317
"../../../Engine/Content/Functions/Engine_MaterialFunctions02/UVs/BoundingBoxBased_0-1_UVW.uasset" 318
"../../Plugins/Editor/SpeedTreeImporter/Content/SpeedTree9/SpeedTreeWind.uasset" 319
"../../Plugins/Editor/SpeedTreeImporter/Content/SpeedTree9/SpeedTreeBillboard.uasset" 320
"../../../Engine/Content/EngineResources/DefaultTexture.uasset" 321
"../../Plugins/Editor/SpeedTreeImporter/Content/SpeedTree9/SpeedTreeBillboardMaster.uasset" 322
"../../Plugins/Editor/SpeedTreeImporter/Content/SpeedTree9/SpeedTreeCameraFacing.uasset" 323
"../../Plugins/Editor/SpeedTreeImporter/Content/SpeedTree9/SpeedTreeMaster.uasset" 324
"../../../Engine/Content/ArtTools/RenderToTexture/Materials/Debug/M_Emissive_Color.uasset" 325
"../../../Engine/Content/BasicShapes/Cylinder.uasset" 326
"../../Plugins/Lumin/MagicLeapPassableWorld/Content/MagicLeapARPinInfoActor.uasset" 327
"../../Plugins/Marketplace/Linter/Content/MarketplaceLinter/LintRules/MPLR_Texture2D_Size_NotTooBig.uasset" 328
"../../Plugins/Marketplace/Linter/Content/MarketplaceLinter/LintRules/MPLR_Texture2D_PowerOfTwo.uasset" 329
"../../Plugins/Marketplace/Linter/Content/MarketplaceLinter/LintRules/MPLR_SoundWave_SampleRate.uasset" 330
"../../Plugins/Marketplace/Linter/Content/MarketplaceLinter/LintRules/MPLR_Path_PascalCase.uasset" 331
"../../Plugins/Marketplace/Linter/Content/MarketplaceLinter/LintRules/MPLR_Path_NoTopLevelAssets.uasset" 332
"../../Plugins/Marketplace/Linter/Content/MarketplaceLinter/LintRules/MPLR_Path_IsNotTooLong.uasset" 333
"../../Plugins/Marketplace/Linter/Content/MarketplaceLinter/LintRules/MPLR_Path_DisallowedPathNames.uasset" 334
"../../Plugins/Marketplace/Linter/Content/MarketplaceLinter/LintRules/MPLR_Path_AlphaNumeric.uasset" 335
"../../Plugins/Marketplace/Linter/Content/MarketplaceLinter/LintRules/MPLR_PathRules.uasset" 336
"../../Plugins/Marketplace/Linter/Content/MarketplaceLinter/LintRules/MPLR_Particles_EmitterNames.uasset" 337
"../../Plugins/Marketplace/Linter/Content/MarketplaceLinter/LintRules/MPLR_IsNamedCorrectly.uasset" 338
"../../Plugins/Marketplace/Linter/Content/MarketplaceLinter/LintRules/MPLR_Blueprint_LooseNodes.uasset" 339
"../../Plugins/Marketplace/Linter/Content/MarketplaceLinter/LintRules/MPLR_Blueprint_Compiles.uasset" 340
"../../Plugins/Marketplace/Linter/Content/MarketplaceLinter/MarketplaceLintRuleSet.uasset" 341
"../../Plugins/Marketplace/Linter/Content/MarketplaceLinter/MarketplaceNamingConvention.uasset" 342
"../../../Engine/Content/Functions/Engine_MaterialFunctions02/Utility/BreakOutFloat4Components.uasset" 343
"../../../Engine/Content/Functions/Engine_MaterialFunctions02/Utility/MakeFloat3.uasset" 344
"../../Plugins/Runtime/Oculus/OculusVR/Content/Materials/OculusMR_ChromaKey.uasset" 345
"../../Plugins/Runtime/Oculus/OculusVR/Content/Materials/OculusMR_OpaqueColoredMaterial.uasset" 346
"../../Plugins/Runtime/Oculus/OculusVR/Content/Materials/PokeAHoleMaterial.uasset" 347
"../../../../../2GameDev/Projects/WheelOn/Content/WheelOn/Maps/AtmosphereLevel.umap" 348
"../../../../../2GameDev/Projects/WheelOn/Content/LearningKit_Games/Assets/VFX/Pollen/M_vfx_aura.uasset" 349
"../../../../../2GameDev/Projects/WheelOn/Content/LearningKit_Games/Assets/VFX/Pollen/MI_pollem_camerafade.uasset" 350
"../../../../../2GameDev/Projects/WheelOn/Content/LearningKit_Games/Assets/VFX/Pollen/VFX_Pollen.uasset" 351
"../../../../../2GameDev/Projects/WheelOn/Content/LearningKit_Games/Assets/Environment/Clouds/SM_Cloud_B.uasset" 352
"../../../../../2GameDev/Projects/WheelOn/Content/LearningKit_Games/Assets/VFX/Clouds/VFX_MeshClouds_Sky.uasset" 353
"../../../../../2GameDev/Projects/WheelOn/Content/WheelOn/MatLib/ActorSpecific/Trees/MI_TreeLeaves1.uasset" 354
"../../../../../2GameDev/Projects/WheelOn/Content/WheelOn/MatLib/ActorSpecific/Trees/MI_TreeLeaves3.uasset" 355
"../../../../../2GameDev/Projects/WheelOn/Content/WheelOn/MatLib/ActorSpecific/Trees/MI_TreeLeaves2.uasset" 356
"../../../../../2GameDev/Projects/WheelOn/Content/WheelOn/MatLib/ActorSpecific/Trees/MI_TreeTrunk.uasset" 357
"../../../../../2GameDev/Projects/WheelOn/Content/WheelOn/Art/Foliage/Trees/Tutorial/S_MERGED_S_Trees.uasset" 358
"../../../Engine/Content/Functions/Engine_MaterialFunctions01/WorldPositionOffset/SimpleGrassWind.uasset" 359
"../../../../../2GameDev/Projects/WheelOn/Content/WheelOn/MatLib/MainMasters/M_SimpleFoliage.uasset" 360
"../../../../../2GameDev/Projects/WheelOn/Content/WheelOn/MatLib/ActorSpecific/Foliage/MI_FoliageType1.uasset" 361
"../../../../../2GameDev/Projects/WheelOn/Content/WheelOn/MatLib/ActorSpecific/Foliage/MI_FoliageType2.uasset" 362
"../../../../../2GameDev/Projects/WheelOn/Content/WheelOn/MatLib/ActorSpecific/Foliage/MI_FoliageType3.uasset" 363
"../../../../../2GameDev/Projects/WheelOn/Content/WheelOn/Art/Foliage/GrassTypes/S_FoliageType3.uasset" 364
"../../../../../2GameDev/Projects/WheelOn/Content/WheelOn/Art/Foliage/GrassTypes/S_FoliageType2.uasset" 365
"../../../../../2GameDev/Projects/WheelOn/Content/WheelOn/Art/Foliage/GrassTypes/S_FoliageType1.uasset" 366
"../../../../../2GameDev/Projects/WheelOn/Content/WheelOn/Architecture/Props/Fences/S_MERGED_S_Fence.uasset" 367
"../../../../../2GameDev/Projects/WheelOn/Content/WheelOn/Architecture/Props/S_FlagPost.uasset" 368
"../../../../../2GameDev/Projects/WheelOn/Content/WheelOn/Architecture/S_1000Plane.uasset" 369
"../../../../../2GameDev/Projects/WheelOn/Content/WheelOn/Maps/TutorialLevel_BuiltData.uasset" 370
"../../../../../2GameDev/Projects/WheelOn/Content/WheelOn/SoundLib/Waves/A_Tewdewdew.uasset" 371
"../../../../../2GameDev/Projects/WheelOn/Content/WheelOn/SoundLib/Cues/A_Tewdewdew_Cue.uasset" 372
"../../../../../2GameDev/Projects/WheelOn/Content/WheelOn/MatLib/ActorSpecific/Rider2/Wheel/MI_Wheel.uasset" 373
"../../../../../2GameDev/Projects/WheelOn/Content/WheelOn/MatLib/ActorSpecific/Rider2/Wheel/MI_WheelStrip.uasset" 374
"../../../../../2GameDev/Projects/WheelOn/Content/WheelOn/MatLib/ActorSpecific/Rider2/Wheel/MI_WheelStrip_Night.uasset" 375
"../../Plugins/FX/Niagara/Content/Enums/ENiagara_MassInitializationMode.uasset" 376
"../../Plugins/FX/Niagara/Content/Enums/ENiagara_LifetimeMode.uasset" 377
"../../Plugins/FX/Niagara/Content/Enums/ENiagara_ColorInitializationMode.uasset" 378
"../../Plugins/FX/Niagara/Content/Modules/Update/Forces/GravityForce.uasset" 379
"../../Plugins/FX/Niagara/Content/Functions/Math/RemapValueRange.uasset" 380
"../../Plugins/FX/Niagara/Content/Functions/PolarToCartesianCoordinates.uasset" 381
"../../Plugins/FX/Niagara/Content/Functions/RandomVectorInCone.uasset" 382
"../../Plugins/FX/Niagara/Content/Functions/Rotation/MultiplyVectorWithQuaternion.uasset" 383
"../../Plugins/FX/Niagara/Content/Modules/Spawn/Velocity/AddVelocityInCone.uasset" 384
"../../Plugins/FX/Niagara/Content/Enums/ENiagaraChannelCorrelation.uasset" 385
"../../Plugins/FX/Niagara/Content/Enums/ENiagara_UVFlippingMode.uasset" 386
"../../Plugins/FX/Niagara/Content/Enums/ENiagara_SpriteRotationMode.uasset" 387
"../../Plugins/FX/Niagara/Content/Enums/ENiagara_SizeScaleMode.uasset" 388
"../../Plugins/FX/Niagara/Content/Enums/ENiagara_PositionInitializationMode.uasset" 389
"../../Plugins/FX/Niagara/Content/Functions/V2/CalculateRandomRangeInteger.uasset" 390
"../../Plugins/FX/Niagara/Content/Functions/V2/CalculateRandomBool.uasset" 391
"../../Plugins/FX/Niagara/Content/Functions/V2/CalculateRandomRange.uasset" 392
"../../Plugins/FX/Niagara/Content/Functions/LinearColor/HueShiftLinearColor.uasset" 393
"../../Plugins/FX/Niagara/Content/Modules/Spawn/Initialization/V2/InitializeParticle.uasset" 394
"../../Plugins/FX/Niagara/Content/DynamicInputs/UniformRange/V2/RandomRangeFloat.uasset" 395
"../../Plugins/FX/Niagara/Content/DefaultAssets/M_Gnomon_Alpha.uasset" 396
"../../../../../2GameDev/Projects/WheelOn/Content/WheelOn/MatLib/ActorSpecific/Rider2/Wheel/MI_WheelParticleElement.uasset" 397
"../../../../../2GameDev/Projects/WheelOn/Content/WheelOn/Art/S_WheelParticleElement.uasset" 398
"../../../../../2GameDev/Projects/WheelOn/Content/WheelOn/Art/ParticleEffects/PS_WheelDirt_System.uasset" 399
"../../../../../2GameDev/Projects/WheelOn/Content/WheelOn/MatLib/ActorSpecific/Rider2/Wheel/MI_WheelRubber.uasset" 400
"../../../../../2GameDev/Projects/WheelOn/Content/WheelOn/MatLib/ActorSpecific/Rider2/Wheel/MI_WheelMetal.uasset" 401
"../../../../../2GameDev/Projects/WheelOn/Content/WheelOn/MatLib/ActorSpecific/Rider2/Wheel/MI_WheelCore.uasset" 402
"../../../../../2GameDev/Projects/WheelOn/Content/WheelOn/Architecture/RiderGeo/S_Wheel.uasset" 403
"../../../../../2GameDev/Projects/WheelOn/Content/WheelOn/MatLib/ActorSpecific/Rider2/Frame/MI_Frame.uasset" 404
"../../../../../2GameDev/Projects/WheelOn/Content/WheelOn/MatLib/ActorSpecific/Rider2/Frame/MI_FrameSeatStripe.uasset" 405
"../../../../../2GameDev/Projects/WheelOn/Content/WheelOn/MatLib/ActorSpecific/Rider2/Frame/MI_FrameSeat.uasset" 406
"../../../../../2GameDev/Projects/WheelOn/Content/WheelOn/MatLib/ActorSpecific/Rider2/Frame/MI_FrameRods89.uasset" 407
"../../../../../2GameDev/Projects/WheelOn/Content/WheelOn/MatLib/ActorSpecific/Rider2/Frame/MI_FrameRods67.uasset" 408
"../../../../../2GameDev/Projects/WheelOn/Content/WheelOn/MatLib/ActorSpecific/Rider2/Frame/MI_FrameRod5.uasset" 409
"../../../../../2GameDev/Projects/WheelOn/Content/WheelOn/MatLib/ActorSpecific/Rider2/Frame/MI_FrameRod4.uasset" 410
"../../../../../2GameDev/Projects/WheelOn/Content/WheelOn/MatLib/ActorSpecific/Rider2/Frame/MI_FrameRod3.uasset" 411
"../../../../../2GameDev/Projects/WheelOn/Content/WheelOn/MatLib/ActorSpecific/Rider2/Frame/MI_FrameRod2.uasset" 412
"../../../../../2GameDev/Projects/WheelOn/Content/WheelOn/MatLib/ActorSpecific/Rider2/Frame/MI_FrameRod1.uasset" 413
"../../../../../2GameDev/Projects/WheelOn/Content/WheelOn/MatLib/ActorSpecific/Rider2/Frame/MI_FrameChainCover.uasset" 414
"../../../../../2GameDev/Projects/WheelOn/Content/WheelOn/Architecture/RiderGeo/S_BikeFrame.uasset" 415
"../../../../../2GameDev/Projects/WheelOn/Content/WheelOn/Core/Data/Enums/EPlatformInfo.uasset" 416
"../../../../../2GameDev/Projects/WheelOn/Content/WheelOn/Core/Data/Enums/ELevelNames.uasset" 417
"../../../../../2GameDev/Projects/WheelOn/Content/WheelOn/Core/Rider/BPI_RiderInterface.uasset" 418
"../../../../../2GameDev/Projects/WheelOn/Content/WheelOn/Core/HUDActors/FailureMenu/WBP_FailureMenu.uasset" 419
"../../../../../2GameDev/Projects/WheelOn/Content/MusicByDEgITx/6Dropping.uasset" 420
"../../../../../2GameDev/Projects/WheelOn/Content/MusicByDEgITx/5Happa.uasset" 421
"../../../../../2GameDev/Projects/WheelOn/Content/MusicByDEgITx/4Light_End.uasset" 422
"../../../../../2GameDev/Projects/WheelOn/Content/MusicByDEgITx/3City_Under_Sky__Extended_.uasset" 423
"../../../../../2GameDev/Projects/WheelOn/Content/MusicByDEgITx/2Burning_sadness.uasset" 424
"../../../../../2GameDev/Projects/WheelOn/Content/MusicByDEgITx/1Runner.uasset" 425
"../../../../../2GameDev/Projects/WheelOn/Content/WheelOn/Core/HUDActors/PauseMenu/WBP_PauseMenu.uasset" 426
"../../../../../2GameDev/Projects/WheelOn/Content/WheelOn/Core/Data/Enums/HUDRelated/EHUDStatus_TutorialLevel.uasset" 427
"../../../../../2GameDev/Projects/WheelOn/Content/WheelOn/Core/HUDActors/BPI_HUDInterface.uasset" 428
"../../../../../2GameDev/Projects/WheelOn/Content/WheelOn/Core/HUDActors/WBP_LevelHUD.uasset" 429
"../../../../../2GameDev/Projects/WheelOn/Content/WheelOn/Core/Data/Enums/ELevelFlowInfo.uasset" 430
"../../../../../2GameDev/Projects/WheelOn/Content/WheelOn/Core/GameModes/BPI_GameModeInterface.uasset" 431
"../../../../../2GameDev/Projects/WheelOn/Content/WheelOn/Core/Data/SaveSystem/BP_SaveObject.uasset" 432
"../../../../../2GameDev/Projects/WheelOn/Content/WheelOn/Core/BP_MainGameInstance.uasset" 433
"../../../../../2GameDev/Projects/WheelOn/Content/WheelOn/Core/GameModes/BP_Rider2_GameMode.uasset" 434
"../../../../../2GameDev/Projects/WheelOn/Content/WheelOn/Core/Rider/BP_Rider2.uasset" 435
"../../../../../2GameDev/Projects/WheelOn/Content/WheelOn/Core/LogicActors/Triggers/BP_FinishLine_Trigger.uasset" 436
"../../../../../2GameDev/Projects/WheelOn/Content/WheelOn/Core/LogicActors/Triggers/BP_Chekpoint_Trigger.uasset" 437
"../../../../../2GameDev/Projects/WheelOn/Content/WheelOn/Architecture/S_1000Cube.uasset" 438
"../../../../../2GameDev/Projects/WheelOn/Content/WheelOn/MatLib/ActorSpecific/Platforms/TutorialLevel/MI_PlatformRed_0.uasset" 439
"../../../../../2GameDev/Projects/WheelOn/Content/WheelOn/Core/LogicActors/PlatformTypes/BPI_Platform.uasset" 440
"../../../../../2GameDev/Projects/WheelOn/Content/WheelOn/Core/LogicActors/PlatformTypes/BP_RedPlatform.uasset" 441
"../../../../../2GameDev/Projects/WheelOn/Content/WheelOn/MatLib/TextureLib/T_Water_N.uasset" 442
"../../../../../2GameDev/Projects/WheelOn/Content/WheelOn/MatLib/MainMasters/M_Water.uasset" 443
"../../../../../2GameDev/Projects/WheelOn/Content/WheelOn/MatLib/ActorSpecific/BasePlatform/MI_Water.uasset" 444
"../../../../../2GameDev/Projects/WheelOn/Content/WheelOn/Core/LogicActors/PlatformTypes/BP_PlatformBase.uasset" 445
"../../../../../2GameDev/Projects/WheelOn/Content/WheelOn/MatLib/ActorSpecific/Platforms/TutorialLevel/MI_PlatformNeutral_0.uasset" 446
"../../../../../2GameDev/Projects/WheelOn/Content/WheelOn/Core/LogicActors/PlatformTypes/BP_NeutralPlatform.uasset" 447
"../../../../../2GameDev/Projects/WheelOn/Content/WheelOn/MatLib/ActorSpecific/Platforms/TutorialLevel/MI_BlueishPlatform_0.uasset" 448
"../../../../../2GameDev/Projects/WheelOn/Content/WheelOn/Core/LogicActors/PlatformTypes/BP_BluePlatform.uasset" 449
"../../../../../2GameDev/Projects/WheelOn/Content/WheelOn/Core/HUDActors/Trigger/TutorialLevelHUD/BP_WASDHUD_Trigger.uasset" 450
"../../../../../2GameDev/Projects/WheelOn/Content/WheelOn/Core/HUDActors/Trigger/TutorialLevelHUD/BP_RotationHUD_Trigger.uasset" 451
"../../../../../2GameDev/Projects/WheelOn/Content/WheelOn/Core/HUDActors/Trigger/TutorialLevelHUD/BP_MechanicExplainationHUD_Trigger.uasset" 452
"../../../../../2GameDev/Projects/WheelOn/Content/WheelOn/Core/HUDActors/Trigger/TutorialLevelHUD/BP_JumpHUD_Trigger.uasset" 453
"../../../../../2GameDev/Projects/WheelOn/Content/WheelOn/Core/HUDActors/Trigger/TutorialLevelHUD/BP_BrakeHintHUD_Trigger.uasset" 454
"../../../../../2GameDev/Projects/WheelOn/Content/WheelOn/Maps/TutorialLevel.umap" 455
"../../../../../2GameDev/Projects/WheelOn/Content/WheelOn/Art/Foliage/GrassTypes/S_FoliageType1_FoliageType.uasset" 456
"../../../../../2GameDev/Projects/WheelOn/Content/WheelOn/Architecture/Props/Fences/S_MERGED_S_FenceRaceTrack.uasset" 457
"../../../../../2GameDev/Projects/WheelOn/Content/WheelOn/Architecture/Props/S_MERGED_S_RaceTrackGrandstands.uasset" 458
"../../../../../2GameDev/Projects/WheelOn/Content/WheelOn/Architecture/Props/S_MERGED_S_RaceTrackCurb.uasset" 459
"../../../../../2GameDev/Projects/WheelOn/Content/WheelOn/Architecture/S_MERGED_BP_AsphaltPlatformsRaceTrack.uasset" 460
"../../../../../2GameDev/Projects/WheelOn/Content/WheelOn/Maps/LVL1/Level1_Forest.umap" 461
"../../../../../2GameDev/Projects/WheelOn/Content/WheelOn/MatLib/ActorSpecific/Platforms/Level2/MI_PlatformRed_2.uasset" 462
"../../../../../2GameDev/Projects/WheelOn/Content/WheelOn/MatLib/ActorSpecific/Platforms/Level2/MI_BlueishPlatform_2.uasset" 463
"../../../../../2GameDev/Projects/WheelOn/Content/WheelOn/Maps/LVL2/Level2_Night.umap" 464
"../../../../../2GameDev/Projects/WheelOn/Content/LearningKit_Games/Assets/Environment/Clouds/Material/MI_Cloud_01_Inst.uasset" 465
"../../../../../2GameDev/Projects/WheelOn/Content/LearningKit_Games/Assets/VFX/Clouds/VFX_MeshClouds_Sky1.uasset" 466
"../../../../../2GameDev/Projects/WheelOn/Content/WheelOn/Architecture/Props/S_LightPole.uasset" 467
"../../../../../2GameDev/Projects/WheelOn/Content/WheelOn/Core/LogicActors/BP_LighPole.uasset" 468
"../../../../../2GameDev/Projects/WheelOn/Content/WheelOn/Maps/LVL3/Level3_Lava.umap" 469
"../../../../../2GameDev/Projects/WheelOn/Content/LearningKit_Games/Assets/VFX/Clouds/VFX_MeshClouds_Base.uasset" 470
"../../../../../2GameDev/Projects/WheelOn/Content/WheelOn/Maps/LVL4/Level4_RaceTrack.umap" 471
"../../../../../2GameDev/Projects/WheelOn/Content/WheelOn/Art/Foliage/Trees/S_TreeSquare.uasset" 472
"../../../../../2GameDev/Projects/WheelOn/Content/WheelOn/Art/Foliage/Trees/S_TreeSquare_FoliageType.uasset" 473
"../../../../../2GameDev/Projects/WheelOn/Content/WheelOn/Art/Foliage/Trees/S_TreePine.uasset" 474
"../../../../../2GameDev/Projects/WheelOn/Content/WheelOn/Art/Foliage/Trees/S_TreePine_FoliageType.uasset" 475
"../../../../../2GameDev/Projects/WheelOn/Content/WheelOn/Art/Foliage/GrassTypes/S_FoliageType3_FoliageType.uasset" 476
"../../../../../2GameDev/Projects/WheelOn/Content/WheelOn/Art/Foliage/GrassTypes/S_FoliageType2_FoliageType.uasset" 477
"../../../../../2GameDev/Projects/WheelOn/Content/WheelOn/Architecture/Props/Fences/S_MERGED_S_Fence3.uasset" 478
"../../../../../2GameDev/Projects/WheelOn/Content/WheelOn/Maps/LVL5/Level5_Forest2.umap" 479
"../../../../../2GameDev/Projects/WheelOn/Content/MusicByDEgITx/0Snow_Butterfly.uasset" 480
"../../../../../2GameDev/Projects/WheelOn/Content/WheelOn/MatLib/TextureLib/tutlevel.uasset" 481
"../../../../../2GameDev/Projects/WheelOn/Content/WheelOn/MatLib/TextureLib/T_MainMenuCover.uasset" 482
"../../../../../2GameDev/Projects/WheelOn/Content/WheelOn/MatLib/TextureLib/T_BlackBackground.uasset" 483
"../../../../../2GameDev/Projects/WheelOn/Content/WheelOn/MatLib/TextureLib/lvl5.uasset" 484
"../../../../../2GameDev/Projects/WheelOn/Content/WheelOn/MatLib/TextureLib/lvl4.uasset" 485
"../../../../../2GameDev/Projects/WheelOn/Content/WheelOn/MatLib/TextureLib/lvl3.uasset" 486
"../../../../../2GameDev/Projects/WheelOn/Content/WheelOn/MatLib/TextureLib/lvl2.uasset" 487
"../../../../../2GameDev/Projects/WheelOn/Content/WheelOn/MatLib/TextureLib/lvl1.uasset" 488
"../../../../../2GameDev/Projects/WheelOn/Content/WheelOn/Core/HUDActors/MainMenu/WBP_MainMenu.uasset" 489
"../../../../../2GameDev/Projects/WheelOn/Content/WheelOn/Core/GameModes/BP_MainMenu_GameMode.uasset" 490
"../../../../../2GameDev/Projects/WheelOn/Content/WheelOn/Maps/MainMenu.umap" 491
"../../../Engine/Content/Maps/Entry_BuiltData.uasset" 492
"../../../Engine/Content/Maps/Entry.umap" 493
